{"/Users/gig/Desktop/NodejsRestAPIMemory/src/utlis/utlis.ts": {"path":"/Users/gig/Desktop/NodejsRestAPIMemory/src/utlis/utlis.ts","statementMap":{"0":{"start":{"line":4,"column":11},"end":{"line":4,"column":38}},"1":{"start":{"line":8,"column":22},"end":{"line":30,"column":1}},"2":{"start":{"line":9,"column":29},"end":{"line":17,"column":5}},"3":{"start":{"line":10,"column":28},"end":{"line":10,"column":40}},"4":{"start":{"line":12,"column":19},"end":{"line":12,"column":54}},"5":{"start":{"line":13,"column":17},"end":{"line":13,"column":53}},"6":{"start":{"line":14,"column":17},"end":{"line":14,"column":48}},"7":{"start":{"line":16,"column":8},"end":{"line":16,"column":34}},"8":{"start":{"line":19,"column":36},"end":{"line":23,"column":5}},"9":{"start":{"line":25,"column":4},"end":{"line":29,"column":5}},"10":{"start":{"line":26,"column":8},"end":{"line":26,"column":21}},"11":{"start":{"line":28,"column":8},"end":{"line":28,"column":20}},"12":{"start":{"line":32,"column":27},"end":{"line":44,"column":1}},"13":{"start":{"line":33,"column":36},"end":{"line":37,"column":5}},"14":{"start":{"line":39,"column":4},"end":{"line":43,"column":5}},"15":{"start":{"line":40,"column":8},"end":{"line":40,"column":20}},"16":{"start":{"line":42,"column":8},"end":{"line":42,"column":21}},"17":{"start":{"line":47,"column":23},"end":{"line":68,"column":1}},"18":{"start":{"line":48,"column":21},"end":{"line":48,"column":68}},"19":{"start":{"line":50,"column":4},"end":{"line":67,"column":5}},"20":{"start":{"line":51,"column":21},"end":{"line":51,"column":56}},"21":{"start":{"line":52,"column":25},"end":{"line":52,"column":41}},"22":{"start":{"line":54,"column":25},"end":{"line":56,"column":9}},"23":{"start":{"line":55,"column":12},"end":{"line":55,"column":81}},"24":{"start":{"line":55,"column":45},"end":{"line":55,"column":79}},"25":{"start":{"line":58,"column":31},"end":{"line":58,"column":49}},"26":{"start":{"line":60,"column":8},"end":{"line":60,"column":43}},"27":{"start":{"line":63,"column":8},"end":{"line":63,"column":63}},"28":{"start":{"line":66,"column":7},"end":{"line":66,"column":24}},"29":{"start":{"line":70,"column":0},"end":{"line":70,"column":69}}},"fnMap":{"0":{"name":"(anonymous_0)","decl":{"start":{"line":8,"column":22},"end":{"line":8,"column":23}},"loc":{"start":{"line":8,"column":72},"end":{"line":30,"column":1}},"line":8},"1":{"name":"(anonymous_1)","decl":{"start":{"line":9,"column":29},"end":{"line":9,"column":30}},"loc":{"start":{"line":9,"column":35},"end":{"line":17,"column":5}},"line":9},"2":{"name":"(anonymous_2)","decl":{"start":{"line":32,"column":27},"end":{"line":32,"column":28}},"loc":{"start":{"line":32,"column":71},"end":{"line":44,"column":1}},"line":32},"3":{"name":"(anonymous_3)","decl":{"start":{"line":47,"column":23},"end":{"line":47,"column":24}},"loc":{"start":{"line":47,"column":54},"end":{"line":68,"column":1}},"line":47},"4":{"name":"(anonymous_4)","decl":{"start":{"line":54,"column":25},"end":{"line":54,"column":26}},"loc":{"start":{"line":54,"column":58},"end":{"line":56,"column":9}},"line":54},"5":{"name":"(anonymous_5)","decl":{"start":{"line":55,"column":37},"end":{"line":55,"column":38}},"loc":{"start":{"line":55,"column":45},"end":{"line":55,"column":79}},"line":55}},"branchMap":{"0":{"loc":{"start":{"line":25,"column":4},"end":{"line":29,"column":5}},"type":"if","locations":[{"start":{"line":25,"column":4},"end":{"line":29,"column":5}},{"start":{"line":27,"column":11},"end":{"line":29,"column":5}}],"line":25},"1":{"loc":{"start":{"line":39,"column":4},"end":{"line":43,"column":5}},"type":"if","locations":[{"start":{"line":39,"column":4},"end":{"line":43,"column":5}},{"start":{"line":41,"column":10},"end":{"line":43,"column":5}}],"line":39}},"s":{"0":2,"1":2,"2":2,"3":2,"4":2,"5":2,"6":2,"7":2,"8":2,"9":2,"10":1,"11":1,"12":2,"13":2,"14":2,"15":1,"16":1,"17":2,"18":0,"19":0,"20":0,"21":0,"22":0,"23":0,"24":0,"25":0,"26":0,"27":0,"28":0,"29":2},"f":{"0":2,"1":2,"2":2,"3":0,"4":0,"5":0},"b":{"0":[1,1],"1":[1,1]},"_coverageSchema":"1a1c01bbd47fc00a2c39e90264f33305004495a9","hash":"073f73fe4e66de2596680f4f4f7ddd4d048cda78"}
}
